<?xml version="1.0" encoding="UTF-8"?>
<!-- Generated by org.testng.reporters.JUnitXMLReporter -->
<testsuite ignored="0" hostname="v-frontend" failures="0" tests="3" name="Affiliate Test" time="66.706" errors="0" timestamp="2022-11-07T09:31:16 IST">
  <testcase classname="opencart.tests.AffiliateTest" name="editAddAffiliateCheque" time="16.043"/>
  <testcase classname="opencart.tests.AffiliateTest" name="editAddAffiliatePayPal" time="15.212"/>
  <testcase classname="opencart.tests.AffiliateTest" name="editAddAffiliateBankTransfer" time="15.884"/>
</testsuite> <!-- Affiliate Test -->
