<?xml version="1.0" encoding="UTF-8"?>
<!-- Generated by org.testng.reporters.JUnitXMLReporter -->
<testsuite ignored="0" hostname="v-frontend" failures="0" tests="10" name="Browsing Test" time="155.856" errors="0" timestamp="2022-11-07T09:23:02 IST">
  <testcase classname="opencart.tests.browsingTest" name="testBrowse" time="21.813"/>
  <testcase classname="opencart.tests.browsingTest" name="testDesktopTab" time="16.809"/>
  <testcase classname="opencart.tests.browsingTest" name="testLaptopTab" time="13.589"/>
  <testcase classname="opencart.tests.browsingTest" name="testComponentTab" time="18.073"/>
  <testcase classname="opencart.tests.browsingTest" name="testTabletsTab" time="9.253"/>
  <testcase classname="opencart.tests.browsingTest" name="testSoftwareTab" time="4.388"/>
  <testcase classname="opencart.tests.browsingTest" name="testPhonesTab" time="9.699"/>
  <testcase classname="opencart.tests.browsingTest" name="testCamerasTab" time="7.664"/>
  <testcase classname="opencart.tests.browsingTest" name="testMp3Tab" time="11.039"/>
  <testcase classname="opencart.tests.browsingTest" name="testHomePage" time="32.244"/>
</testsuite> <!-- Browsing Test -->
