<?xml version="1.0" encoding="UTF-8"?>
<!-- Generated by org.testng.reporters.JUnitXMLReporter -->
<testsuite ignored="0" hostname="v-frontend" failures="0" tests="10" name="Cart Test" time="58.877" errors="0" timestamp="2022-11-07T09:30:09 IST">
  <testcase classname="opencart.tests.CartTest" name="addToCartUsingIcon" time="9.783"/>
  <testcase classname="opencart.tests.CartTest" name="viewCart1" time="4.568"/>
  <testcase classname="opencart.tests.CartTest" name="ContinueShopping" time="2.243"/>
  <testcase classname="opencart.tests.CartTest" name="AddToCartAfterViewing1" time="6.685"/>
  <testcase classname="opencart.tests.CartTest" name="AddToCartAfterViewing2" time="6.534"/>
  <testcase classname="opencart.tests.CartTest" name="AddToCartAfterViewing3" time="7.001"/>
  <testcase classname="opencart.tests.CartTest" name="viewCart2" time="4.051"/>
  <testcase classname="opencart.tests.CartTest" name="RemoveFromCart" time="1.626"/>
  <testcase classname="opencart.tests.CartTest" name="viewItem" time="4.287"/>
  <testcase classname="opencart.tests.CartTest" name="CheckoutPage" time="3.256"/>
</testsuite> <!-- Cart Test -->
