<?xml version="1.0" encoding="UTF-8"?>
<!-- Generated by org.testng.reporters.JUnitXMLReporter -->
<testsuite ignored="0" hostname="v-frontend" failures="0" tests="3" name="Compare Test" time="46.011" errors="0" timestamp="2022-11-07T09:28:47 IST">
  <testcase classname="opencart.tests.CompareTest" name="compare" time="17.519"/>
  <testcase classname="opencart.tests.CompareTest" name="compare" time="17.582"/>
  <testcase classname="opencart.tests.CompareTest" name="RemoveFromCompare" time="4.09"/>
</testsuite> <!-- Compare Test -->
