<?xml version="1.0" encoding="UTF-8"?>
<!-- Generated by org.testng.reporters.JUnitXMLReporter -->
<testsuite ignored="0" hostname="v-frontend" failures="0" tests="3" name="Contact Test" time="61.435" errors="0" timestamp="2022-11-07T09:26:51 IST">
  <testcase classname="opencart.tests.ContactTest" name="contactTest" time="14.083"/>
  <testcase classname="opencart.tests.ContactTest" name="contactTest" time="14.129"/>
  <testcase classname="opencart.tests.ContactTest" name="contactTest" time="14.296"/>
</testsuite> <!-- Contact Test -->
