<?xml version="1.0" encoding="UTF-8"?>
<!-- Generated by org.testng.reporters.JUnitXMLReporter -->
<testsuite ignored="0" hostname="v-frontend" failures="0" tests="5" name="Login Test" time="48.795" errors="0" timestamp="2022-11-07T09:24:14 IST">
  <testcase classname="opencart.tests.LoginTest" name="Test1" time="3.689"/>
  <testcase classname="opencart.tests.LoginTest" name="Test1" time="3.69"/>
  <testcase classname="opencart.tests.LoginTest" name="Test1" time="3.567"/>
  <testcase classname="opencart.tests.LoginTest" name="Test2" time="3.637"/>
  <testcase classname="opencart.tests.LoginTest" name="Test3" time="3.628"/>
</testsuite> <!-- Login Test -->
