<?xml version="1.0" encoding="UTF-8"?>
<!-- Generated by org.testng.reporters.JUnitXMLReporter -->
<testsuite ignored="0" hostname="v-frontend" failures="4" tests="8" name="Register Test" time="113.955" errors="0" timestamp="2022-11-01T14:22:12 IST">
  <testcase classname="opencart.tests.RegisterTest" name="Test1" time="7.599"/>
  <testcase classname="opencart.tests.RegisterTest" name="Test1" time="7.417"/>
  <testcase classname="opencart.tests.RegisterTest" name="Test1" time="7.21"/>
  <testcase classname="opencart.tests.RegisterTest" name="Test1" time="7.457"/>
  <testcase classname="opencart.tests.RegisterTest" name="Test2" time="7.214">
    <failure type="java.lang.AssertionError" message="expected [Your Account Has Been Created!] but found [Register Account]">
      <![CDATA[java.lang.AssertionError: expected [Your Account Has Been Created!] but found [Register Account]
at opencart.pages.RegisterPage.registerSuccess(RegisterPage.java:185)
at opencart.tests.RegisterTest.Test2(RegisterTest.java:103)
at java.base/java.util.ArrayList.forEach(ArrayList.java:1511)
... Removed 33 stack frames]]>
    </failure>
  </testcase> <!-- Test2 -->
  <testcase classname="opencart.tests.RegisterTest" name="Test2" time="7.222">
    <failure type="java.lang.AssertionError" message="expected [Your Account Has Been Created!] but found [Register Account]">
      <![CDATA[java.lang.AssertionError: expected [Your Account Has Been Created!] but found [Register Account]
at opencart.pages.RegisterPage.registerSuccess(RegisterPage.java:185)
at opencart.tests.RegisterTest.Test2(RegisterTest.java:103)
at java.base/java.util.ArrayList.forEach(ArrayList.java:1511)
... Removed 33 stack frames]]>
    </failure>
  </testcase> <!-- Test2 -->
  <testcase classname="opencart.tests.RegisterTest" name="Test2" time="7.664">
    <failure type="java.lang.AssertionError" message="expected [Your Account Has Been Created!] but found [Register Account]">
      <![CDATA[java.lang.AssertionError: expected [Your Account Has Been Created!] but found [Register Account]
at opencart.pages.RegisterPage.registerSuccess(RegisterPage.java:185)
at opencart.tests.RegisterTest.Test2(RegisterTest.java:103)
at java.base/java.util.ArrayList.forEach(ArrayList.java:1511)
... Removed 33 stack frames]]>
    </failure>
  </testcase> <!-- Test2 -->
  <testcase classname="opencart.tests.RegisterTest" name="Test2" time="7.287">
    <failure type="java.lang.AssertionError" message="expected [Your Account Has Been Created!] but found [Register Account]">
      <![CDATA[java.lang.AssertionError: expected [Your Account Has Been Created!] but found [Register Account]
at opencart.pages.RegisterPage.registerSuccess(RegisterPage.java:185)
at opencart.tests.RegisterTest.Test2(RegisterTest.java:103)
at java.base/java.util.ArrayList.forEach(ArrayList.java:1511)
... Removed 33 stack frames]]>
    </failure>
  </testcase> <!-- Test2 -->
</testsuite> <!-- Register Test -->
