<?xml version="1.0" encoding="UTF-8"?>
<!-- Generated by org.testng.reporters.JUnitXMLReporter -->
<testsuite ignored="0" hostname="v-frontend" failures="0" tests="4" name="Searching Test" time="23.235" errors="0" timestamp="2022-11-07T09:23:25 IST">
  <testcase classname="opencart.tests.SearchTest" name="Operation" time="4.701"/>
  <testcase classname="opencart.tests.SearchTest" name="Operation" time="3.654"/>
  <testcase classname="opencart.tests.SearchTest" name="Operation" time="4.349"/>
  <testcase classname="opencart.tests.SearchTest" name="Filtering" time="2.834"/>
</testsuite> <!-- Searching Test -->
