<?xml version="1.0" encoding="UTF-8"?>
<!-- Generated by org.testng.reporters.JUnitXMLReporter -->
<testsuite ignored="0" hostname="v-frontend" failures="0" tests="3" name="Select Currency Test" time="23.582" errors="0" timestamp="2022-11-07T09:29:10 IST">
  <testcase classname="opencart.tests.SelectCurrencyTest" name="selectEuroTest" time="1.615"/>
  <testcase classname="opencart.tests.SelectCurrencyTest" name="selectUSDollar" time="1.536"/>
  <testcase classname="opencart.tests.SelectCurrencyTest" name="selectPoundTest" time="1.562"/>
</testsuite> <!-- Select Currency Test -->
