<?xml version="1.0" encoding="UTF-8"?>
<!-- Generated by org.testng.reporters.JUnitXMLReporter -->
<testsuite ignored="0" hostname="v-frontend" failures="0" tests="4" name="Wishlist Test" time="54.244" errors="0" timestamp="2022-11-07T09:28:01 IST">
  <testcase classname="opencart.tests.WishlistTest" name="Test1" time="6.972"/>
  <testcase classname="opencart.tests.WishlistTest" name="Test2" time="8.93"/>
  <testcase classname="opencart.tests.WishlistTest" name="Test3" time="2.813"/>
  <testcase classname="opencart.tests.WishlistTest" name="Test4" time="9.213"/>
</testsuite> <!-- Wishlist Test -->
