<?xml version="1.0" encoding="UTF-8"?>
<!-- Generated by org.testng.reporters.JUnitXMLReporter -->
<testsuite ignored="0" hostname="v-frontend" failures="0" tests="6" name="Default test" time="84.045" errors="0" timestamp="2022-11-04T11:44:31 IST">
  <testcase classname="opencart.tests.SearchProjectTest" name="Test1" time="0.142"/>
  <testcase classname="opencart.tests.SearchProjectTest" name="Test2" time="0.152"/>
  <testcase classname="opencart.tests.SearchProjectTest" name="Test3" time="0.044"/>
  <testcase classname="opencart.tests.SearchProjectTest" name="Test4" time="4.239"/>
  <testcase classname="opencart.tests.SearchProjectTest" name="Test5" time="4.505"/>
  <testcase classname="opencart.tests.SearchProjectTest" name="Test6" time="4.818"/>
</testsuite> <!-- Default test -->
