<?xml version="1.0" encoding="UTF-8"?>
<testng-results ignored="0" total="1" passed="1" failed="0" skipped="0">
  <reporter-output>
  </reporter-output>
  <suite started-at="2022-11-07T11:11:28 IST" name="Default suite" finished-at="2022-11-07T11:11:44 IST" duration-ms="16530">
    <groups>
    </groups>
    <test started-at="2022-11-07T11:11:28 IST" name="Default test" finished-at="2022-11-07T11:11:44 IST" duration-ms="16530">
      <class name="opencart.tests.ChangePasswordTest">
        <test-method is-config="true" signature="beforeMethod()[pri:0, instance:opencart.tests.ChangePasswordTest@368f2016]" started-at="2022-11-07T11:11:28 IST" name="beforeMethod" finished-at="2022-11-07T11:11:35 IST" duration-ms="6973" status="PASS">
          <reporter-output>
          </reporter-output>
        </test-method> <!-- beforeMethod -->
        <test-method signature="changePasswordPageTest(java.lang.String,java.lang.String)[pri:0, instance:opencart.tests.ChangePasswordTest@368f2016]" started-at="2022-11-07T11:11:35 IST" name="changePasswordPageTest" data-provider="changepass-details" finished-at="2022-11-07T11:11:42 IST" duration-ms="7587" status="PASS">
          <params>
            <param index="0">
              <value>
                <![CDATA[admin1]]>
              </value>
            </param>
            <param index="1">
              <value>
                <![CDATA[admin1]]>
              </value>
            </param>
          </params>
          <reporter-output>
          </reporter-output>
        </test-method> <!-- changePasswordPageTest -->
        <test-method is-config="true" signature="afterMethod()[pri:0, instance:opencart.tests.ChangePasswordTest@368f2016]" started-at="2022-11-07T11:11:42 IST" name="afterMethod" finished-at="2022-11-07T11:11:44 IST" duration-ms="1884" status="PASS">
          <reporter-output>
          </reporter-output>
        </test-method> <!-- afterMethod -->
      </class> <!-- opencart.tests.ChangePasswordTest -->
    </test> <!-- Default test -->
  </suite> <!-- Default suite -->
</testng-results>
