<?xml version="1.0" encoding="UTF-8"?>
<testng-results ignored="0" total="49" passed="49" failed="0" skipped="0">
  <reporter-output>
  </reporter-output>
  <suite started-at="2022-11-07T09:20:26 IST" name="OpenCart Test" finished-at="2022-11-07T09:31:50 IST" duration-ms="683270">
    <groups>
    </groups>
    <test started-at="2022-11-07T09:20:26 IST" name="Browsing Test" finished-at="2022-11-07T09:23:02 IST" duration-ms="155856">
      <class name="opencart.tests.browsingTest">
        <test-method is-config="true" signature="beforeMethod()[pri:0, instance:opencart.tests.browsingTest@71d44a3]" started-at="2022-11-07T09:20:26 IST" name="beforeMethod" finished-at="2022-11-07T09:20:36 IST" duration-ms="9731" status="PASS">
          <reporter-output>
          </reporter-output>
        </test-method> <!-- beforeMethod -->
        <test-method signature="testBrowse()[pri:0, instance:opencart.tests.browsingTest@71d44a3]" started-at="2022-11-07T09:20:36 IST" name="testBrowse" finished-at="2022-11-07T09:20:58 IST" duration-ms="21813" status="PASS">
          <reporter-output>
          </reporter-output>
        </test-method> <!-- testBrowse -->
        <test-method signature="testDesktopTab()[pri:1, instance:opencart.tests.browsingTest@71d44a3]" started-at="2022-11-07T09:20:58 IST" name="testDesktopTab" finished-at="2022-11-07T09:21:15 IST" duration-ms="16809" status="PASS">
          <reporter-output>
          </reporter-output>
        </test-method> <!-- testDesktopTab -->
        <test-method signature="testLaptopTab()[pri:2, instance:opencart.tests.browsingTest@71d44a3]" started-at="2022-11-07T09:21:15 IST" name="testLaptopTab" finished-at="2022-11-07T09:21:28 IST" duration-ms="13589" status="PASS">
          <reporter-output>
          </reporter-output>
        </test-method> <!-- testLaptopTab -->
        <test-method signature="testComponentTab()[pri:3, instance:opencart.tests.browsingTest@71d44a3]" started-at="2022-11-07T09:21:28 IST" name="testComponentTab" finished-at="2022-11-07T09:21:46 IST" duration-ms="18073" status="PASS">
          <reporter-output>
          </reporter-output>
        </test-method> <!-- testComponentTab -->
        <test-method signature="testTabletsTab()[pri:4, instance:opencart.tests.browsingTest@71d44a3]" started-at="2022-11-07T09:21:46 IST" name="testTabletsTab" finished-at="2022-11-07T09:21:56 IST" duration-ms="9253" status="PASS">
          <reporter-output>
          </reporter-output>
        </test-method> <!-- testTabletsTab -->
        <test-method signature="testSoftwareTab()[pri:5, instance:opencart.tests.browsingTest@71d44a3]" started-at="2022-11-07T09:21:56 IST" name="testSoftwareTab" finished-at="2022-11-07T09:22:00 IST" duration-ms="4388" status="PASS">
          <reporter-output>
          </reporter-output>
        </test-method> <!-- testSoftwareTab -->
        <test-method signature="testPhonesTab()[pri:6, instance:opencart.tests.browsingTest@71d44a3]" started-at="2022-11-07T09:22:00 IST" name="testPhonesTab" finished-at="2022-11-07T09:22:10 IST" duration-ms="9699" status="PASS">
          <reporter-output>
          </reporter-output>
        </test-method> <!-- testPhonesTab -->
        <test-method signature="testCamerasTab()[pri:7, instance:opencart.tests.browsingTest@71d44a3]" started-at="2022-11-07T09:22:10 IST" name="testCamerasTab" finished-at="2022-11-07T09:22:17 IST" duration-ms="7664" status="PASS">
          <reporter-output>
          </reporter-output>
        </test-method> <!-- testCamerasTab -->
        <test-method signature="testMp3Tab()[pri:8, instance:opencart.tests.browsingTest@71d44a3]" started-at="2022-11-07T09:22:17 IST" name="testMp3Tab" finished-at="2022-11-07T09:22:28 IST" duration-ms="11039" status="PASS">
          <reporter-output>
          </reporter-output>
        </test-method> <!-- testMp3Tab -->
        <test-method signature="testHomePage()[pri:9, instance:opencart.tests.browsingTest@71d44a3]" started-at="2022-11-07T09:22:28 IST" name="testHomePage" finished-at="2022-11-07T09:23:01 IST" duration-ms="32244" status="PASS">
          <reporter-output>
          </reporter-output>
        </test-method> <!-- testHomePage -->
        <test-method is-config="true" signature="afterMethod()[pri:0, instance:opencart.tests.browsingTest@71d44a3]" started-at="2022-11-07T09:23:01 IST" name="afterMethod" finished-at="2022-11-07T09:23:02 IST" duration-ms="1370" status="PASS">
          <reporter-output>
          </reporter-output>
        </test-method> <!-- afterMethod -->
      </class> <!-- opencart.tests.browsingTest -->
    </test> <!-- Browsing Test -->
    <test started-at="2022-11-07T09:23:02 IST" name="Searching Test" finished-at="2022-11-07T09:23:25 IST" duration-ms="23235">
      <class name="opencart.tests.SearchTest">
        <test-method is-config="true" signature="setUp()[pri:0, instance:opencart.tests.SearchTest@7eac9008]" started-at="2022-11-07T09:23:02 IST" name="setUp" finished-at="2022-11-07T09:23:07 IST" duration-ms="5175" status="PASS">
          <reporter-output>
          </reporter-output>
        </test-method> <!-- setUp -->
        <test-method signature="Operation(java.lang.String)[pri:0, instance:opencart.tests.SearchTest@7eac9008]" started-at="2022-11-07T09:23:08 IST" name="Operation" data-provider="search-details" finished-at="2022-11-07T09:23:12 IST" duration-ms="4701" status="PASS">
          <params>
            <param index="0">
              <value>
                <![CDATA[iphone]]>
              </value>
            </param>
          </params>
          <reporter-output>
          </reporter-output>
        </test-method> <!-- Operation -->
        <test-method signature="Operation(java.lang.String)[pri:0, instance:opencart.tests.SearchTest@7eac9008]" started-at="2022-11-07T09:23:12 IST" name="Operation" data-provider="search-details" finished-at="2022-11-07T09:23:16 IST" duration-ms="3654" status="PASS">
          <params>
            <param index="0">
              <value>
                <![CDATA[Macbook]]>
              </value>
            </param>
          </params>
          <reporter-output>
          </reporter-output>
        </test-method> <!-- Operation -->
        <test-method signature="Operation(java.lang.String)[pri:0, instance:opencart.tests.SearchTest@7eac9008]" started-at="2022-11-07T09:23:16 IST" name="Operation" data-provider="search-details" finished-at="2022-11-07T09:23:20 IST" duration-ms="4349" status="PASS">
          <params>
            <param index="0">
              <value>
                <![CDATA[Nikon]]>
              </value>
            </param>
          </params>
          <reporter-output>
          </reporter-output>
        </test-method> <!-- Operation -->
        <test-method signature="Filtering()[pri:1, instance:opencart.tests.SearchTest@7eac9008]" started-at="2022-11-07T09:23:20 IST" name="Filtering" finished-at="2022-11-07T09:23:23 IST" duration-ms="2834" status="PASS">
          <reporter-output>
          </reporter-output>
        </test-method> <!-- Filtering -->
        <test-method is-config="true" signature="tearDown()[pri:0, instance:opencart.tests.SearchTest@7eac9008]" started-at="2022-11-07T09:23:23 IST" name="tearDown" finished-at="2022-11-07T09:23:25 IST" duration-ms="2118" status="PASS">
          <reporter-output>
          </reporter-output>
        </test-method> <!-- tearDown -->
      </class> <!-- opencart.tests.SearchTest -->
    </test> <!-- Searching Test -->
    <test started-at="2022-11-07T09:23:25 IST" name="Login Test" finished-at="2022-11-07T09:24:14 IST" duration-ms="48795">
      <class name="opencart.tests.LoginTest">
        <test-method is-config="true" signature="beforeMethod()[pri:0, instance:opencart.tests.LoginTest@4b2bac3f]" started-at="2022-11-07T09:23:25 IST" name="beforeMethod" finished-at="2022-11-07T09:23:30 IST" duration-ms="4996" status="PASS">
          <reporter-output>
          </reporter-output>
        </test-method> <!-- beforeMethod -->
        <test-method signature="Test1(java.lang.String,java.lang.String)[pri:0, instance:opencart.tests.LoginTest@4b2bac3f]" started-at="2022-11-07T09:23:30 IST" name="Test1" data-provider="account-details" finished-at="2022-11-07T09:23:34 IST" duration-ms="3689" status="PASS">
          <params>
            <param index="0">
              <value>
                <![CDATA[temp@gmail.com]]>
              </value>
            </param>
            <param index="1">
              <value>
                <![CDATA[admin]]>
              </value>
            </param>
          </params>
          <reporter-output>
          </reporter-output>
        </test-method> <!-- Test1 -->
        <test-method is-config="true" signature="afterMethod()[pri:0, instance:opencart.tests.LoginTest@4b2bac3f]" started-at="2022-11-07T09:23:34 IST" name="afterMethod" finished-at="2022-11-07T09:23:35 IST" duration-ms="1205" status="PASS">
          <reporter-output>
          </reporter-output>
        </test-method> <!-- afterMethod -->
        <test-method is-config="true" signature="beforeMethod()[pri:0, instance:opencart.tests.LoginTest@4b2bac3f]" started-at="2022-11-07T09:23:35 IST" name="beforeMethod" finished-at="2022-11-07T09:23:40 IST" duration-ms="4968" status="PASS">
          <reporter-output>
          </reporter-output>
        </test-method> <!-- beforeMethod -->
        <test-method signature="Test1(java.lang.String,java.lang.String)[pri:0, instance:opencart.tests.LoginTest@4b2bac3f]" started-at="2022-11-07T09:23:40 IST" name="Test1" data-provider="account-details" finished-at="2022-11-07T09:23:44 IST" duration-ms="3690" status="PASS">
          <params>
            <param index="0">
              <value>
                <![CDATA[temp1@gmail.com]]>
              </value>
            </param>
            <param index="1">
              <value>
                <![CDATA[admin1]]>
              </value>
            </param>
          </params>
          <reporter-output>
          </reporter-output>
        </test-method> <!-- Test1 -->
        <test-method is-config="true" signature="afterMethod()[pri:0, instance:opencart.tests.LoginTest@4b2bac3f]" started-at="2022-11-07T09:23:44 IST" name="afterMethod" finished-at="2022-11-07T09:23:45 IST" duration-ms="1072" status="PASS">
          <reporter-output>
          </reporter-output>
        </test-method> <!-- afterMethod -->
        <test-method is-config="true" signature="beforeMethod()[pri:0, instance:opencart.tests.LoginTest@4b2bac3f]" started-at="2022-11-07T09:23:45 IST" name="beforeMethod" finished-at="2022-11-07T09:23:50 IST" duration-ms="4807" status="PASS">
          <reporter-output>
          </reporter-output>
        </test-method> <!-- beforeMethod -->
        <test-method signature="Test1(java.lang.String,java.lang.String)[pri:0, instance:opencart.tests.LoginTest@4b2bac3f]" started-at="2022-11-07T09:23:50 IST" name="Test1" data-provider="account-details" finished-at="2022-11-07T09:23:53 IST" duration-ms="3567" status="PASS">
          <params>
            <param index="0">
              <value>
                <![CDATA[temp2@gmail.com]]>
              </value>
            </param>
            <param index="1">
              <value>
                <![CDATA[admin2]]>
              </value>
            </param>
          </params>
          <reporter-output>
          </reporter-output>
        </test-method> <!-- Test1 -->
        <test-method is-config="true" signature="afterMethod()[pri:0, instance:opencart.tests.LoginTest@4b2bac3f]" started-at="2022-11-07T09:23:53 IST" name="afterMethod" finished-at="2022-11-07T09:23:55 IST" duration-ms="1385" status="PASS">
          <reporter-output>
          </reporter-output>
        </test-method> <!-- afterMethod -->
        <test-method is-config="true" signature="beforeMethod()[pri:0, instance:opencart.tests.LoginTest@4b2bac3f]" started-at="2022-11-07T09:23:55 IST" name="beforeMethod" finished-at="2022-11-07T09:24:00 IST" duration-ms="4862" status="PASS">
          <reporter-output>
          </reporter-output>
        </test-method> <!-- beforeMethod -->
        <test-method signature="Test2()[pri:0, instance:opencart.tests.LoginTest@4b2bac3f]" started-at="2022-11-07T09:24:00 IST" name="Test2" finished-at="2022-11-07T09:24:03 IST" duration-ms="3637" status="PASS">
          <reporter-output>
          </reporter-output>
        </test-method> <!-- Test2 -->
        <test-method is-config="true" signature="afterMethod()[pri:0, instance:opencart.tests.LoginTest@4b2bac3f]" started-at="2022-11-07T09:24:03 IST" name="afterMethod" finished-at="2022-11-07T09:24:05 IST" duration-ms="1454" status="PASS">
          <reporter-output>
          </reporter-output>
        </test-method> <!-- afterMethod -->
        <test-method is-config="true" signature="beforeMethod()[pri:0, instance:opencart.tests.LoginTest@4b2bac3f]" started-at="2022-11-07T09:24:05 IST" name="beforeMethod" finished-at="2022-11-07T09:24:09 IST" duration-ms="4655" status="PASS">
          <reporter-output>
          </reporter-output>
        </test-method> <!-- beforeMethod -->
        <test-method signature="Test3()[pri:0, instance:opencart.tests.LoginTest@4b2bac3f]" started-at="2022-11-07T09:24:09 IST" name="Test3" finished-at="2022-11-07T09:24:13 IST" duration-ms="3628" status="PASS">
          <reporter-output>
          </reporter-output>
        </test-method> <!-- Test3 -->
        <test-method is-config="true" signature="afterMethod()[pri:0, instance:opencart.tests.LoginTest@4b2bac3f]" started-at="2022-11-07T09:24:13 IST" name="afterMethod" finished-at="2022-11-07T09:24:14 IST" duration-ms="1160" status="PASS">
          <reporter-output>
          </reporter-output>
        </test-method> <!-- afterMethod -->
      </class> <!-- opencart.tests.LoginTest -->
    </test> <!-- Login Test -->
    <test started-at="2022-11-07T09:24:14 IST" name="AddressBook Test" finished-at="2022-11-07T09:25:49 IST" duration-ms="94916">
      <class name="opencart.tests.AddressBookTest">
        <test-method is-config="true" signature="beforeTest()[pri:0, instance:opencart.tests.AddressBookTest@49438269]" started-at="2022-11-07T09:24:14 IST" name="beforeTest" finished-at="2022-11-07T09:24:18 IST" duration-ms="3252" status="PASS">
          <reporter-output>
          </reporter-output>
        </test-method> <!-- beforeTest -->
        <test-method signature="editAddAddressInAddressBook()[pri:0, instance:opencart.tests.AddressBookTest@49438269]" started-at="2022-11-07T09:24:18 IST" name="editAddAddressInAddressBook" finished-at="2022-11-07T09:25:48 IST" duration-ms="90369" status="PASS">
          <reporter-output>
          </reporter-output>
        </test-method> <!-- editAddAddressInAddressBook -->
        <test-method is-config="true" signature="afterTest()[pri:0, instance:opencart.tests.AddressBookTest@49438269]" started-at="2022-11-07T09:25:48 IST" name="afterTest" finished-at="2022-11-07T09:25:49 IST" duration-ms="1285" status="PASS">
          <reporter-output>
          </reporter-output>
        </test-method> <!-- afterTest -->
      </class> <!-- opencart.tests.AddressBookTest -->
    </test> <!-- AddressBook Test -->
    <test started-at="2022-11-07T09:25:49 IST" name="Contact Test" finished-at="2022-11-07T09:26:51 IST" duration-ms="61435">
      <class name="opencart.tests.ContactTest">
        <test-method is-config="true" signature="beforeMethod()[pri:0, instance:opencart.tests.ContactTest@24269709]" started-at="2022-11-07T09:25:49 IST" name="beforeMethod" finished-at="2022-11-07T09:25:54 IST" duration-ms="5133" status="PASS">
          <reporter-output>
          </reporter-output>
        </test-method> <!-- beforeMethod -->
        <test-method signature="contactTest(java.lang.String,java.lang.String,java.lang.String)[pri:0, instance:opencart.tests.ContactTest@24269709]" started-at="2022-11-07T09:25:54 IST" name="contactTest" data-provider="contactDetails" finished-at="2022-11-07T09:26:08 IST" duration-ms="14083" status="PASS">
          <params>
            <param index="0">
              <value>
                <![CDATA[Urvi Naik]]>
              </value>
            </param>
            <param index="1">
              <value>
                <![CDATA[naikurvi@yahoo.com]]>
              </value>
            </param>
            <param index="2">
              <value>
                <![CDATA[Within how many days will the product be delivered?]]>
              </value>
            </param>
          </params>
          <reporter-output>
          </reporter-output>
        </test-method> <!-- contactTest -->
        <test-method is-config="true" signature="afterMethod()[pri:0, instance:opencart.tests.ContactTest@24269709]" started-at="2022-11-07T09:26:08 IST" name="afterMethod" finished-at="2022-11-07T09:26:10 IST" duration-ms="1409" status="PASS">
          <reporter-output>
          </reporter-output>
        </test-method> <!-- afterMethod -->
        <test-method is-config="true" signature="beforeMethod()[pri:0, instance:opencart.tests.ContactTest@24269709]" started-at="2022-11-07T09:26:10 IST" name="beforeMethod" finished-at="2022-11-07T09:26:15 IST" duration-ms="5262" status="PASS">
          <reporter-output>
          </reporter-output>
        </test-method> <!-- beforeMethod -->
        <test-method signature="contactTest(java.lang.String,java.lang.String,java.lang.String)[pri:0, instance:opencart.tests.ContactTest@24269709]" started-at="2022-11-07T09:26:15 IST" name="contactTest" data-provider="contactDetails" finished-at="2022-11-07T09:26:29 IST" duration-ms="14129" status="PASS">
          <params>
            <param index="0">
              <value>
                <![CDATA[Gokul Raj]]>
              </value>
            </param>
            <param index="1">
              <value>
                <![CDATA[mgokul.raj@yahoo.com]]>
              </value>
            </param>
            <param index="2">
              <value>
                <![CDATA[Within how many days will the product be delivered?]]>
              </value>
            </param>
          </params>
          <reporter-output>
          </reporter-output>
        </test-method> <!-- contactTest -->
        <test-method is-config="true" signature="afterMethod()[pri:0, instance:opencart.tests.ContactTest@24269709]" started-at="2022-11-07T09:26:29 IST" name="afterMethod" finished-at="2022-11-07T09:26:30 IST" duration-ms="1237" status="PASS">
          <reporter-output>
          </reporter-output>
        </test-method> <!-- afterMethod -->
        <test-method is-config="true" signature="beforeMethod()[pri:0, instance:opencart.tests.ContactTest@24269709]" started-at="2022-11-07T09:26:30 IST" name="beforeMethod" finished-at="2022-11-07T09:26:35 IST" duration-ms="4593" status="PASS">
          <reporter-output>
          </reporter-output>
        </test-method> <!-- beforeMethod -->
        <test-method signature="contactTest(java.lang.String,java.lang.String,java.lang.String)[pri:0, instance:opencart.tests.ContactTest@24269709]" started-at="2022-11-07T09:26:35 IST" name="contactTest" data-provider="contactDetails" finished-at="2022-11-07T09:26:49 IST" duration-ms="14296" status="PASS">
          <params>
            <param index="0">
              <value>
                <![CDATA[Kevin Peter ]]>
              </value>
            </param>
            <param index="1">
              <value>
                <![CDATA[kevinpeter@yahoo.com]]>
              </value>
            </param>
            <param index="2">
              <value>
                <![CDATA[Maximum number of products that can be ordered]]>
              </value>
            </param>
          </params>
          <reporter-output>
          </reporter-output>
        </test-method> <!-- contactTest -->
        <test-method is-config="true" signature="afterMethod()[pri:0, instance:opencart.tests.ContactTest@24269709]" started-at="2022-11-07T09:26:49 IST" name="afterMethod" finished-at="2022-11-07T09:26:51 IST" duration-ms="1270" status="PASS">
          <reporter-output>
          </reporter-output>
        </test-method> <!-- afterMethod -->
      </class> <!-- opencart.tests.ContactTest -->
    </test> <!-- Contact Test -->
    <test started-at="2022-11-07T09:26:51 IST" name="Subscription Test" finished-at="2022-11-07T09:27:06 IST" duration-ms="15696">
      <class name="opencart.tests.SubscriptionTest">
        <test-method is-config="true" signature="beforeMethod()[pri:0, instance:opencart.tests.SubscriptionTest@69e1dd28]" started-at="2022-11-07T09:26:51 IST" name="beforeMethod" finished-at="2022-11-07T09:26:55 IST" duration-ms="4530" status="PASS">
          <reporter-output>
          </reporter-output>
        </test-method> <!-- beforeMethod -->
        <test-method signature="loginPageTest()[pri:0, instance:opencart.tests.SubscriptionTest@69e1dd28]" started-at="2022-11-07T09:26:55 IST" name="loginPageTest" finished-at="2022-11-07T09:27:04 IST" duration-ms="8691" status="PASS">
          <reporter-output>
          </reporter-output>
        </test-method> <!-- loginPageTest -->
        <test-method is-config="true" signature="afterMethod()[pri:0, instance:opencart.tests.SubscriptionTest@69e1dd28]" started-at="2022-11-07T09:27:04 IST" name="afterMethod" finished-at="2022-11-07T09:27:06 IST" duration-ms="2465" status="PASS">
          <reporter-output>
          </reporter-output>
        </test-method> <!-- afterMethod -->
      </class> <!-- opencart.tests.SubscriptionTest -->
    </test> <!-- Subscription Test -->
    <test started-at="2022-11-07T09:27:06 IST" name="Wishlist Test" finished-at="2022-11-07T09:28:01 IST" duration-ms="54244">
      <class name="opencart.tests.WishlistTest">
        <test-method is-config="true" signature="beforeMethod()[pri:0, instance:opencart.tests.WishlistTest@41e1e210]" started-at="2022-11-07T09:27:06 IST" name="beforeMethod" finished-at="2022-11-07T09:27:11 IST" duration-ms="4785" status="PASS">
          <reporter-output>
          </reporter-output>
        </test-method> <!-- beforeMethod -->
        <test-method signature="Test1()[pri:1, instance:opencart.tests.WishlistTest@41e1e210]" started-at="2022-11-07T09:27:11 IST" name="Test1" finished-at="2022-11-07T09:27:18 IST" duration-ms="6972" status="PASS">
          <reporter-output>
          </reporter-output>
        </test-method> <!-- Test1 -->
        <test-method is-config="true" signature="afterMethod()[pri:0, instance:opencart.tests.WishlistTest@41e1e210]" started-at="2022-11-07T09:27:18 IST" name="afterMethod" finished-at="2022-11-07T09:27:20 IST" duration-ms="1487" status="PASS">
          <reporter-output>
          </reporter-output>
        </test-method> <!-- afterMethod -->
        <test-method is-config="true" signature="beforeMethod()[pri:0, instance:opencart.tests.WishlistTest@41e1e210]" started-at="2022-11-07T09:27:20 IST" name="beforeMethod" finished-at="2022-11-07T09:27:25 IST" duration-ms="5467" status="PASS">
          <reporter-output>
          </reporter-output>
        </test-method> <!-- beforeMethod -->
        <test-method signature="Test2(java.lang.String)[pri:2, instance:opencart.tests.WishlistTest@41e1e210]" started-at="2022-11-07T09:27:25 IST" name="Test2" finished-at="2022-11-07T09:27:34 IST" duration-ms="8930" status="PASS">
          <params>
            <param index="0">
              <value>
                <![CDATA[iPhone]]>
              </value>
            </param>
          </params>
          <reporter-output>
          </reporter-output>
        </test-method> <!-- Test2 -->
        <test-method is-config="true" signature="afterMethod()[pri:0, instance:opencart.tests.WishlistTest@41e1e210]" started-at="2022-11-07T09:27:34 IST" name="afterMethod" finished-at="2022-11-07T09:27:36 IST" duration-ms="1782" status="PASS">
          <reporter-output>
          </reporter-output>
        </test-method> <!-- afterMethod -->
        <test-method is-config="true" signature="beforeMethod()[pri:0, instance:opencart.tests.WishlistTest@41e1e210]" started-at="2022-11-07T09:27:36 IST" name="beforeMethod" finished-at="2022-11-07T09:27:41 IST" duration-ms="5324" status="PASS">
          <reporter-output>
          </reporter-output>
        </test-method> <!-- beforeMethod -->
        <test-method signature="Test3()[pri:3, instance:opencart.tests.WishlistTest@41e1e210]" started-at="2022-11-07T09:27:41 IST" name="Test3" finished-at="2022-11-07T09:27:44 IST" duration-ms="2813" status="PASS">
          <reporter-output>
          </reporter-output>
        </test-method> <!-- Test3 -->
        <test-method is-config="true" signature="afterMethod()[pri:0, instance:opencart.tests.WishlistTest@41e1e210]" started-at="2022-11-07T09:27:44 IST" name="afterMethod" finished-at="2022-11-07T09:27:45 IST" duration-ms="1177" status="PASS">
          <reporter-output>
          </reporter-output>
        </test-method> <!-- afterMethod -->
        <test-method is-config="true" signature="beforeMethod()[pri:0, instance:opencart.tests.WishlistTest@41e1e210]" started-at="2022-11-07T09:27:45 IST" name="beforeMethod" finished-at="2022-11-07T09:27:50 IST" duration-ms="4727" status="PASS">
          <reporter-output>
          </reporter-output>
        </test-method> <!-- beforeMethod -->
        <test-method signature="Test4()[pri:4, instance:opencart.tests.WishlistTest@41e1e210]" started-at="2022-11-07T09:27:50 IST" name="Test4" finished-at="2022-11-07T09:27:59 IST" duration-ms="9213" status="PASS">
          <reporter-output>
          </reporter-output>
        </test-method> <!-- Test4 -->
        <test-method is-config="true" signature="afterMethod()[pri:0, instance:opencart.tests.WishlistTest@41e1e210]" started-at="2022-11-07T09:27:59 IST" name="afterMethod" finished-at="2022-11-07T09:28:01 IST" duration-ms="1551" status="PASS">
          <reporter-output>
          </reporter-output>
        </test-method> <!-- afterMethod -->
      </class> <!-- opencart.tests.WishlistTest -->
    </test> <!-- Wishlist Test -->
    <test started-at="2022-11-07T09:28:01 IST" name="Compare Test" finished-at="2022-11-07T09:28:47 IST" duration-ms="46011">
      <class name="opencart.tests.CompareTest">
        <test-method is-config="true" signature="setUp()[pri:0, instance:opencart.tests.CompareTest@1e6454ec]" started-at="2022-11-07T09:28:01 IST" name="setUp" finished-at="2022-11-07T09:28:06 IST" duration-ms="5410" status="PASS">
          <reporter-output>
          </reporter-output>
        </test-method> <!-- setUp -->
        <test-method signature="compare(java.lang.String,java.lang.String)[pri:0, instance:opencart.tests.CompareTest@1e6454ec]" started-at="2022-11-07T09:28:06 IST" name="compare" data-provider="json-data" finished-at="2022-11-07T09:28:24 IST" duration-ms="17519" status="PASS">
          <params>
            <param index="0">
              <value>
                <![CDATA[iphone]]>
              </value>
            </param>
            <param index="1">
              <value>
                <![CDATA[macbook]]>
              </value>
            </param>
          </params>
          <reporter-output>
          </reporter-output>
        </test-method> <!-- compare -->
        <test-method signature="compare(java.lang.String,java.lang.String)[pri:0, instance:opencart.tests.CompareTest@1e6454ec]" started-at="2022-11-07T09:28:24 IST" name="compare" data-provider="json-data" finished-at="2022-11-07T09:28:41 IST" duration-ms="17582" status="PASS">
          <params>
            <param index="0">
              <value>
                <![CDATA[nikon]]>
              </value>
            </param>
            <param index="1">
              <value>
                <![CDATA[Apple Cinema]]>
              </value>
            </param>
          </params>
          <reporter-output>
          </reporter-output>
        </test-method> <!-- compare -->
        <test-method signature="RemoveFromCompare()[pri:1, instance:opencart.tests.CompareTest@1e6454ec]" started-at="2022-11-07T09:28:41 IST" name="RemoveFromCompare" finished-at="2022-11-07T09:28:45 IST" duration-ms="4090" status="PASS">
          <reporter-output>
          </reporter-output>
        </test-method> <!-- RemoveFromCompare -->
        <test-method is-config="true" signature="tearDown()[pri:0, instance:opencart.tests.CompareTest@1e6454ec]" started-at="2022-11-07T09:28:45 IST" name="tearDown" finished-at="2022-11-07T09:28:47 IST" duration-ms="1363" status="PASS">
          <reporter-output>
          </reporter-output>
        </test-method> <!-- tearDown -->
      </class> <!-- opencart.tests.CompareTest -->
    </test> <!-- Compare Test -->
    <test started-at="2022-11-07T09:28:47 IST" name="Select Currency Test" finished-at="2022-11-07T09:29:10 IST" duration-ms="23582">
      <class name="opencart.tests.SelectCurrencyTest">
        <test-method is-config="true" signature="setUp()[pri:0, instance:opencart.tests.SelectCurrencyTest@693fe6c9]" started-at="2022-11-07T09:28:47 IST" name="setUp" finished-at="2022-11-07T09:28:51 IST" duration-ms="4598" status="PASS">
          <reporter-output>
          </reporter-output>
        </test-method> <!-- setUp -->
        <test-method signature="selectEuroTest()[pri:1, instance:opencart.tests.SelectCurrencyTest@693fe6c9]" started-at="2022-11-07T09:28:51 IST" name="selectEuroTest" finished-at="2022-11-07T09:28:53 IST" duration-ms="1615" status="PASS">
          <reporter-output>
          </reporter-output>
        </test-method> <!-- selectEuroTest -->
        <test-method is-config="true" signature="tearDown()[pri:0, instance:opencart.tests.SelectCurrencyTest@693fe6c9]" started-at="2022-11-07T09:28:53 IST" name="tearDown" finished-at="2022-11-07T09:28:54 IST" duration-ms="1374" status="PASS">
          <reporter-output>
          </reporter-output>
        </test-method> <!-- tearDown -->
        <test-method is-config="true" signature="setUp()[pri:0, instance:opencart.tests.SelectCurrencyTest@693fe6c9]" started-at="2022-11-07T09:28:54 IST" name="setUp" finished-at="2022-11-07T09:28:59 IST" duration-ms="5085" status="PASS">
          <reporter-output>
          </reporter-output>
        </test-method> <!-- setUp -->
        <test-method signature="selectUSDollar()[pri:2, instance:opencart.tests.SelectCurrencyTest@693fe6c9]" started-at="2022-11-07T09:28:59 IST" name="selectUSDollar" finished-at="2022-11-07T09:29:01 IST" duration-ms="1536" status="PASS">
          <reporter-output>
          </reporter-output>
        </test-method> <!-- selectUSDollar -->
        <test-method is-config="true" signature="tearDown()[pri:0, instance:opencart.tests.SelectCurrencyTest@693fe6c9]" started-at="2022-11-07T09:29:01 IST" name="tearDown" finished-at="2022-11-07T09:29:02 IST" duration-ms="1157" status="PASS">
          <reporter-output>
          </reporter-output>
        </test-method> <!-- tearDown -->
        <test-method is-config="true" signature="setUp()[pri:0, instance:opencart.tests.SelectCurrencyTest@693fe6c9]" started-at="2022-11-07T09:29:02 IST" name="setUp" finished-at="2022-11-07T09:29:07 IST" duration-ms="5216" status="PASS">
          <reporter-output>
          </reporter-output>
        </test-method> <!-- setUp -->
        <test-method signature="selectPoundTest()[pri:3, instance:opencart.tests.SelectCurrencyTest@693fe6c9]" started-at="2022-11-07T09:29:07 IST" name="selectPoundTest" finished-at="2022-11-07T09:29:09 IST" duration-ms="1562" status="PASS">
          <reporter-output>
          </reporter-output>
        </test-method> <!-- selectPoundTest -->
        <test-method is-config="true" signature="tearDown()[pri:0, instance:opencart.tests.SelectCurrencyTest@693fe6c9]" started-at="2022-11-07T09:29:09 IST" name="tearDown" finished-at="2022-11-07T09:29:10 IST" duration-ms="1429" status="PASS">
          <reporter-output>
          </reporter-output>
        </test-method> <!-- tearDown -->
      </class> <!-- opencart.tests.SelectCurrencyTest -->
    </test> <!-- Select Currency Test -->
    <test started-at="2022-11-07T09:29:10 IST" name="Cart Test" finished-at="2022-11-07T09:30:09 IST" duration-ms="58877">
      <class name="opencart.tests.CartTest">
        <test-method is-config="true" signature="beforeTest()[pri:0, instance:opencart.tests.CartTest@247d8ae]" started-at="2022-11-07T09:29:10 IST" name="beforeTest" finished-at="2022-11-07T09:29:14 IST" duration-ms="3249" status="PASS">
          <reporter-output>
          </reporter-output>
        </test-method> <!-- beforeTest -->
        <test-method signature="addToCartUsingIcon()[pri:1, instance:opencart.tests.CartTest@247d8ae]" started-at="2022-11-07T09:29:14 IST" name="addToCartUsingIcon" finished-at="2022-11-07T09:29:23 IST" duration-ms="9783" status="PASS">
          <reporter-output>
          </reporter-output>
        </test-method> <!-- addToCartUsingIcon -->
        <test-method signature="viewCart1()[pri:2, instance:opencart.tests.CartTest@247d8ae]" started-at="2022-11-07T09:29:23 IST" name="viewCart1" finished-at="2022-11-07T09:29:28 IST" duration-ms="4568" status="PASS">
          <reporter-output>
          </reporter-output>
        </test-method> <!-- viewCart1 -->
        <test-method signature="ContinueShopping()[pri:3, instance:opencart.tests.CartTest@247d8ae]" started-at="2022-11-07T09:29:28 IST" name="ContinueShopping" finished-at="2022-11-07T09:29:30 IST" duration-ms="2243" status="PASS">
          <reporter-output>
          </reporter-output>
        </test-method> <!-- ContinueShopping -->
        <test-method signature="AddToCartAfterViewing1()[pri:4, instance:opencart.tests.CartTest@247d8ae]" started-at="2022-11-07T09:29:30 IST" name="AddToCartAfterViewing1" finished-at="2022-11-07T09:29:37 IST" duration-ms="6685" status="PASS">
          <reporter-output>
          </reporter-output>
        </test-method> <!-- AddToCartAfterViewing1 -->
        <test-method signature="AddToCartAfterViewing2()[pri:5, instance:opencart.tests.CartTest@247d8ae]" started-at="2022-11-07T09:29:37 IST" name="AddToCartAfterViewing2" finished-at="2022-11-07T09:29:43 IST" duration-ms="6534" status="PASS">
          <reporter-output>
          </reporter-output>
        </test-method> <!-- AddToCartAfterViewing2 -->
        <test-method signature="AddToCartAfterViewing3()[pri:6, instance:opencart.tests.CartTest@247d8ae]" started-at="2022-11-07T09:29:43 IST" name="AddToCartAfterViewing3" finished-at="2022-11-07T09:29:50 IST" duration-ms="7001" status="PASS">
          <reporter-output>
          </reporter-output>
        </test-method> <!-- AddToCartAfterViewing3 -->
        <test-method signature="viewCart2()[pri:7, instance:opencart.tests.CartTest@247d8ae]" started-at="2022-11-07T09:29:50 IST" name="viewCart2" finished-at="2022-11-07T09:29:54 IST" duration-ms="4051" status="PASS">
          <reporter-output>
          </reporter-output>
        </test-method> <!-- viewCart2 -->
        <test-method signature="RemoveFromCart()[pri:8, instance:opencart.tests.CartTest@247d8ae]" started-at="2022-11-07T09:29:54 IST" name="RemoveFromCart" finished-at="2022-11-07T09:29:56 IST" duration-ms="1626" status="PASS">
          <reporter-output>
          </reporter-output>
        </test-method> <!-- RemoveFromCart -->
        <test-method signature="viewItem()[pri:9, instance:opencart.tests.CartTest@247d8ae]" started-at="2022-11-07T09:29:56 IST" name="viewItem" finished-at="2022-11-07T09:30:00 IST" duration-ms="4287" status="PASS">
          <reporter-output>
          </reporter-output>
        </test-method> <!-- viewItem -->
        <test-method signature="CheckoutPage()[pri:10, instance:opencart.tests.CartTest@247d8ae]" started-at="2022-11-07T09:30:00 IST" name="CheckoutPage" finished-at="2022-11-07T09:30:04 IST" duration-ms="3256" status="PASS">
          <reporter-output>
          </reporter-output>
        </test-method> <!-- CheckoutPage -->
        <test-method is-config="true" signature="afterTest()[pri:0, instance:opencart.tests.CartTest@247d8ae]" started-at="2022-11-07T09:30:04 IST" name="afterTest" finished-at="2022-11-07T09:30:09 IST" duration-ms="5558" status="PASS">
          <reporter-output>
          </reporter-output>
        </test-method> <!-- afterTest -->
      </class> <!-- opencart.tests.CartTest -->
    </test> <!-- Cart Test -->
    <test started-at="2022-11-07T09:30:09 IST" name="Affiliate Test" finished-at="2022-11-07T09:31:16 IST" duration-ms="66706">
      <class name="opencart.tests.AffiliateTest">
        <test-method is-config="true" signature="beforeTest()[pri:0, instance:opencart.tests.AffiliateTest@57af006c]" started-at="2022-11-07T09:30:09 IST" name="beforeTest" finished-at="2022-11-07T09:30:16 IST" duration-ms="6301" status="PASS">
          <reporter-output>
          </reporter-output>
        </test-method> <!-- beforeTest -->
        <test-method signature="editAddAffiliateCheque()[pri:1, instance:opencart.tests.AffiliateTest@57af006c]" started-at="2022-11-07T09:30:16 IST" name="editAddAffiliateCheque" finished-at="2022-11-07T09:30:32 IST" duration-ms="16043" status="PASS">
          <reporter-output>
          </reporter-output>
        </test-method> <!-- editAddAffiliateCheque -->
        <test-method is-config="true" signature="afterTest()[pri:0, instance:opencart.tests.AffiliateTest@57af006c]" started-at="2022-11-07T09:30:32 IST" name="afterTest" finished-at="2022-11-07T09:30:33 IST" duration-ms="1336" status="PASS">
          <reporter-output>
          </reporter-output>
        </test-method> <!-- afterTest -->
        <test-method is-config="true" signature="beforeTest()[pri:0, instance:opencart.tests.AffiliateTest@57af006c]" started-at="2022-11-07T09:30:33 IST" name="beforeTest" finished-at="2022-11-07T09:30:37 IST" duration-ms="4503" status="PASS">
          <reporter-output>
          </reporter-output>
        </test-method> <!-- beforeTest -->
        <test-method signature="editAddAffiliatePayPal()[pri:2, instance:opencart.tests.AffiliateTest@57af006c]" started-at="2022-11-07T09:30:37 IST" name="editAddAffiliatePayPal" finished-at="2022-11-07T09:30:53 IST" duration-ms="15212" status="PASS">
          <reporter-output>
          </reporter-output>
        </test-method> <!-- editAddAffiliatePayPal -->
        <test-method is-config="true" signature="afterTest()[pri:0, instance:opencart.tests.AffiliateTest@57af006c]" started-at="2022-11-07T09:30:53 IST" name="afterTest" finished-at="2022-11-07T09:30:54 IST" duration-ms="1341" status="PASS">
          <reporter-output>
          </reporter-output>
        </test-method> <!-- afterTest -->
        <test-method is-config="true" signature="beforeTest()[pri:0, instance:opencart.tests.AffiliateTest@57af006c]" started-at="2022-11-07T09:30:54 IST" name="beforeTest" finished-at="2022-11-07T09:30:59 IST" duration-ms="4741" status="PASS">
          <reporter-output>
          </reporter-output>
        </test-method> <!-- beforeTest -->
        <test-method signature="editAddAffiliateBankTransfer()[pri:3, instance:opencart.tests.AffiliateTest@57af006c]" started-at="2022-11-07T09:30:59 IST" name="editAddAffiliateBankTransfer" finished-at="2022-11-07T09:31:15 IST" duration-ms="15884" status="PASS">
          <reporter-output>
          </reporter-output>
        </test-method> <!-- editAddAffiliateBankTransfer -->
        <test-method is-config="true" signature="afterTest()[pri:0, instance:opencart.tests.AffiliateTest@57af006c]" started-at="2022-11-07T09:31:15 IST" name="afterTest" finished-at="2022-11-07T09:31:16 IST" duration-ms="1326" status="PASS">
          <reporter-output>
          </reporter-output>
        </test-method> <!-- afterTest -->
      </class> <!-- opencart.tests.AffiliateTest -->
    </test> <!-- Affiliate Test -->
    <test started-at="2022-11-07T09:31:16 IST" name="Gift Certificate Test" finished-at="2022-11-07T09:31:35 IST" duration-ms="19061">
      <class name="opencart.tests.GiftCertTest">
        <test-method is-config="true" signature="setUp()[pri:0, instance:opencart.tests.GiftCertTest@212b5695]" started-at="2022-11-07T09:31:16 IST" name="setUp" finished-at="2022-11-07T09:31:22 IST" duration-ms="6266" status="PASS">
          <reporter-output>
          </reporter-output>
        </test-method> <!-- setUp -->
        <test-method signature="fillGiftCert()[pri:0, instance:opencart.tests.GiftCertTest@212b5695]" started-at="2022-11-07T09:31:22 IST" name="fillGiftCert" finished-at="2022-11-07T09:31:34 IST" duration-ms="11596" status="PASS">
          <reporter-output>
          </reporter-output>
        </test-method> <!-- fillGiftCert -->
        <test-method is-config="true" signature="tearDown()[pri:0, instance:opencart.tests.GiftCertTest@212b5695]" started-at="2022-11-07T09:31:34 IST" name="tearDown" finished-at="2022-11-07T09:31:35 IST" duration-ms="1192" status="PASS">
          <reporter-output>
          </reporter-output>
        </test-method> <!-- tearDown -->
      </class> <!-- opencart.tests.GiftCertTest -->
    </test> <!-- Gift Certificate Test -->
    <test started-at="2022-11-07T09:31:35 IST" name="Logout Test" finished-at="2022-11-07T09:31:50 IST" duration-ms="14481">
      <class name="opencart.tests.WishlistTest">
        <test-method is-config="true" signature="setup()[pri:0, instance:opencart.tests.WishlistTest@41e1e210]" started-at="2022-11-07T09:20:26 IST" name="setup" finished-at="2022-11-07T09:20:26 IST" duration-ms="470" status="PASS">
          <reporter-output>
          </reporter-output>
        </test-method> <!-- setup -->
        <test-method is-config="true" signature="tearDown()[pri:0, instance:opencart.tests.WishlistTest@41e1e210]" started-at="2022-11-07T09:31:50 IST" name="tearDown" finished-at="2022-11-07T09:31:50 IST" duration-ms="730" status="PASS">
          <reporter-output>
          </reporter-output>
        </test-method> <!-- tearDown -->
      </class> <!-- opencart.tests.WishlistTest -->
      <class name="opencart.tests.LogoutTest">
        <test-method is-config="true" signature="setUp()[pri:0, instance:opencart.tests.LogoutTest@33990a0c]" started-at="2022-11-07T09:31:35 IST" name="setUp" finished-at="2022-11-07T09:31:40 IST" duration-ms="4902" status="PASS">
          <reporter-output>
          </reporter-output>
        </test-method> <!-- setUp -->
        <test-method signature="logoutTest()[pri:0, instance:opencart.tests.LogoutTest@33990a0c]" started-at="2022-11-07T09:31:40 IST" name="logoutTest" finished-at="2022-11-07T09:31:48 IST" duration-ms="7929" status="PASS">
          <reporter-output>
          </reporter-output>
        </test-method> <!-- logoutTest -->
        <test-method is-config="true" signature="tearDown()[pri:0, instance:opencart.tests.LogoutTest@33990a0c]" started-at="2022-11-07T09:31:48 IST" name="tearDown" finished-at="2022-11-07T09:31:50 IST" duration-ms="1647" status="PASS">
          <reporter-output>
          </reporter-output>
        </test-method> <!-- tearDown -->
      </class> <!-- opencart.tests.LogoutTest -->
    </test> <!-- Logout Test -->
  </suite> <!-- OpenCart Test -->
</testng-results>
